<?xml version="1.0" encoding="UTF-8"?>
<!-- Generated by org.testng.reporters.JUnitReportReporter -->
<testsuite hostname="WINDOWS-UNR7VLH" failures="0" tests="1" name="testCases.NewTest" time="81.496" errors="0" timestamp="2022-11-03T16:00:42 IST" skipped="0">
  <testcase classname="testCases.NewTest" name="f" time="81.496"/>
  <system-out/>
</testsuite> <!-- testCases.NewTest -->
